02:13:15.380 [main] INFO  com.intuit.karate - karate.env system property was: null 
02:13:17.642 [main] DEBUG com.intuit.karate - request:
1 > GET https://jsonplaceholder.typicode.com/users
1 > Accept-Encoding: gzip,deflate
1 > Connection: Keep-Alive
1 > Host: jsonplaceholder.typicode.com
1 > User-Agent: Apache-HttpClient/4.5.5 (Java/1.8.0_241)

02:13:18.649 [main] DEBUG com.intuit.karate - response time in milliseconds: 1001.61
1 < 200
1 < Access-Control-Allow-Credentials: true
1 < CF-Cache-Status: REVALIDATED
1 < CF-RAY: 5642fdf8da9e2979-DUB
1 < Cache-Control: max-age=14400
1 < Connection: keep-alive
1 < Content-Type: application/json; charset=utf-8
1 < Date: Thu, 13 Feb 2020 01:22:35 GMT
1 < Etag: W/"160d-1eMSsxeJRfnVLRBmYJSbCiJZ1qQ"
1 < Expect-CT: max-age=604800, report-uri="https://report-uri.cloudflare.com/cdn-cgi/beacon/expect-ct"
1 < Expires: -1
1 < Pragma: no-cache
1 < Server: cloudflare
1 < Set-Cookie: __cfduid=d71d0145b308804ab8cb396b2bb0932ab1581556955; expires=Sat, 14-Mar-20 01:22:35 GMT; path=/; domain=.typicode.com; HttpOnly; SameSite=Lax
1 < Transfer-Encoding: chunked
1 < Vary: Origin, Accept-Encoding
1 < Via: 1.1 vegur
1 < X-Content-Type-Options: nosniff
1 < X-Powered-By: Express
[
  {
    "id": 1,
    "name": "Leanne Graham",
    "username": "Bret",
    "email": "Sincere@april.biz",
    "address": {
      "street": "Kulas Light",
      "suite": "Apt. 556",
      "city": "Gwenborough",
      "zipcode": "92998-3874",
      "geo": {
        "lat": "-37.3159",
        "lng": "81.1496"
      }
    },
    "phone": "1-770-736-8031 x56442",
    "website": "hildegard.org",
    "company": {
      "name": "Romaguera-Crona",
      "catchPhrase": "Multi-layered client-server neural-net",
      "bs": "harness real-time e-markets"
    }
  },
  {
    "id": 2,
    "name": "Ervin Howell",
    "username": "Antonette",
    "email": "Shanna@melissa.tv",
    "address": {
      "street": "Victor Plains",
      "suite": "Suite 879",
      "city": "Wisokyburgh",
      "zipcode": "90566-7771",
      "geo": {
        "lat": "-43.9509",
        "lng": "-34.4618"
      }
    },
    "phone": "010-692-6593 x09125",
    "website": "anastasia.net",
    "company": {
      "name": "Deckow-Crist",
      "catchPhrase": "Proactive didactic contingency",
      "bs": "synergize scalable supply-chains"
    }
  },
  {
    "id": 3,
    "name": "Clementine Bauch",
    "username": "Samantha",
    "email": "Nathan@yesenia.net",
    "address": {
      "street": "Douglas Extension",
      "suite": "Suite 847",
      "city": "McKenziehaven",
      "zipcode": "59590-4157",
      "geo": {
        "lat": "-68.6102",
        "lng": "-47.0653"
      }
    },
    "phone": "1-463-123-4447",
    "website": "ramiro.info",
    "company": {
      "name": "Romaguera-Jacobson",
      "catchPhrase": "Face to face bifurcated interface",
      "bs": "e-enable strategic applications"
    }
  },
  {
    "id": 4,
    "name": "Patricia Lebsack",
    "username": "Karianne",
    "email": "Julianne.OConner@kory.org",
    "address": {
      "street": "Hoeger Mall",
      "suite": "Apt. 692",
      "city": "South Elvis",
      "zipcode": "53919-4257",
      "geo": {
        "lat": "29.4572",
        "lng": "-164.2990"
      }
    },
    "phone": "493-170-9623 x156",
    "website": "kale.biz",
    "company": {
      "name": "Robel-Corkery",
      "catchPhrase": "Multi-tiered zero tolerance productivity",
      "bs": "transition cutting-edge web services"
    }
  },
  {
    "id": 5,
    "name": "Chelsey Dietrich",
    "username": "Kamren",
    "email": "Lucio_Hettinger@annie.ca",
    "address": {
      "street": "Skiles Walks",
      "suite": "Suite 351",
      "city": "Roscoeview",
      "zipcode": "33263",
      "geo": {
        "lat": "-31.8129",
        "lng": "62.5342"
      }
    },
    "phone": "(254)954-1289",
    "website": "demarco.info",
    "company": {
      "name": "Keebler LLC",
      "catchPhrase": "User-centric fault-tolerant solution",
      "bs": "revolutionize end-to-end systems"
    }
  },
  {
    "id": 6,
    "name": "Mrs. Dennis Schulist",
    "username": "Leopoldo_Corkery",
    "email": "Karley_Dach@jasper.info",
    "address": {
      "street": "Norberto Crossing",
      "suite": "Apt. 950",
      "city": "South Christy",
      "zipcode": "23505-1337",
      "geo": {
        "lat": "-71.4197",
        "lng": "71.7478"
      }
    },
    "phone": "1-477-935-8478 x6430",
    "website": "ola.org",
    "company": {
      "name": "Considine-Lockman",
      "catchPhrase": "Synchronised bottom-line interface",
      "bs": "e-enable innovative applications"
    }
  },
  {
    "id": 7,
    "name": "Kurtis Weissnat",
    "username": "Elwyn.Skiles",
    "email": "Telly.Hoeger@billy.biz",
    "address": {
      "street": "Rex Trail",
      "suite": "Suite 280",
      "city": "Howemouth",
      "zipcode": "58804-1099",
      "geo": {
        "lat": "24.8918",
        "lng": "21.8984"
      }
    },
    "phone": "210.067.6132",
    "website": "elvis.io",
    "company": {
      "name": "Johns Group",
      "catchPhrase": "Configurable multimedia task-force",
      "bs": "generate enterprise e-tailers"
    }
  },
  {
    "id": 8,
    "name": "Nicholas Runolfsdottir V",
    "username": "Maxime_Nienow",
    "email": "Sherwood@rosamond.me",
    "address": {
      "street": "Ellsworth Summit",
      "suite": "Suite 729",
      "city": "Aliyaview",
      "zipcode": "45169",
      "geo": {
        "lat": "-14.3990",
        "lng": "-120.7677"
      }
    },
    "phone": "586.493.6943 x140",
    "website": "jacynthe.com",
    "company": {
      "name": "Abernathy Group",
      "catchPhrase": "Implemented secondary concept",
      "bs": "e-enable extensible e-tailers"
    }
  },
  {
    "id": 9,
    "name": "Glenna Reichert",
    "username": "Delphine",
    "email": "Chaim_McDermott@dana.io",
    "address": {
      "street": "Dayna Park",
      "suite": "Suite 449",
      "city": "Bartholomebury",
      "zipcode": "76495-3109",
      "geo": {
        "lat": "24.6463",
        "lng": "-168.8889"
      }
    },
    "phone": "(775)976-6794 x41206",
    "website": "conrad.com",
    "company": {
      "name": "Yost and Sons",
      "catchPhrase": "Switchable contextually-based project",
      "bs": "aggregate real-time technologies"
    }
  },
  {
    "id": 10,
    "name": "Clementina DuBuque",
    "username": "Moriah.Stanton",
    "email": "Rey.Padberg@karina.biz",
    "address": {
      "street": "Kattie Turnpike",
      "suite": "Suite 198",
      "city": "Lebsackbury",
      "zipcode": "31428-2261",
      "geo": {
        "lat": "-38.2386",
        "lng": "57.2232"
      }
    },
    "phone": "024-648-3804",
    "website": "ambrose.net",
    "company": {
      "name": "Hoeger LLC",
      "catchPhrase": "Centralized empowering task-force",
      "bs": "target end-to-end models"
    }
  }
]

02:13:19.038 [main] DEBUG com.intuit.karate - request:
2 > GET https://jsonplaceholder.typicode.com/users/1
2 > Accept-Encoding: gzip,deflate
2 > Connection: Keep-Alive
2 > Cookie: __cfduid=d71d0145b308804ab8cb396b2bb0932ab1581556955
2 > Host: jsonplaceholder.typicode.com
2 > User-Agent: Apache-HttpClient/4.5.5 (Java/1.8.0_241)

02:13:19.814 [main] DEBUG com.intuit.karate - response time in milliseconds: 774.59
2 < 200
2 < Access-Control-Allow-Credentials: true
2 < CF-Cache-Status: REVALIDATED
2 < CF-RAY: 5642fdfe89082955-DUB
2 < Cache-Control: max-age=14400
2 < Connection: keep-alive
2 < Content-Type: application/json; charset=utf-8
2 < Date: Thu, 13 Feb 2020 01:22:36 GMT
2 < Etag: W/"1fd-+2Y3G3w049iSZtw5t1mzSnunngE"
2 < Expect-CT: max-age=604800, report-uri="https://report-uri.cloudflare.com/cdn-cgi/beacon/expect-ct"
2 < Expires: -1
2 < Pragma: no-cache
2 < Server: cloudflare
2 < Transfer-Encoding: chunked
2 < Vary: Origin, Accept-Encoding
2 < Via: 1.1 vegur
2 < X-Content-Type-Options: nosniff
2 < X-Powered-By: Express
{
  "id": 1,
  "name": "Leanne Graham",
  "username": "Bret",
  "email": "Sincere@april.biz",
  "address": {
    "street": "Kulas Light",
    "suite": "Apt. 556",
    "city": "Gwenborough",
    "zipcode": "92998-3874",
    "geo": {
      "lat": "-37.3159",
      "lng": "81.1496"
    }
  },
  "phone": "1-770-736-8031 x56442",
  "website": "hildegard.org",
  "company": {
    "name": "Romaguera-Crona",
    "catchPhrase": "Multi-layered client-server neural-net",
    "bs": "harness real-time e-markets"
  }
}

02:13:19.854 [main] INFO  com.intuit.karate - karate.env system property was: null 
02:13:19.882 [main] DEBUG com.intuit.karate - request:
1 > POST https://jsonplaceholder.typicode.com/users
1 > Accept-Encoding: gzip,deflate
1 > Connection: Keep-Alive
1 > Content-Length: 160
1 > Content-Type: application/json; charset=UTF-8
1 > Host: jsonplaceholder.typicode.com
1 > User-Agent: Apache-HttpClient/4.5.5 (Java/1.8.0_241)
{"name":"Test User","username":"testuser","email":"test@user.com","address":{"street":"Has No Name","suite":"Apt. 123","city":"Electri","zipcode":"54321-6789"}}

02:13:20.436 [main] DEBUG com.intuit.karate - response time in milliseconds: 553.73
1 < 201
1 < Access-Control-Allow-Credentials: true
1 < Access-Control-Expose-Headers: Location
1 < CF-Cache-Status: DYNAMIC
1 < CF-RAY: 5642fe03cd15a69f-DUB
1 < Cache-Control: no-cache
1 < Connection: keep-alive
1 < Content-Length: 216
1 < Content-Type: application/json; charset=utf-8
1 < Date: Thu, 13 Feb 2020 01:22:37 GMT
1 < Etag: W/"d8-pYV7+YuMGP2hxHPU9ARrf97ifDA"
1 < Expect-CT: max-age=604800, report-uri="https://report-uri.cloudflare.com/cdn-cgi/beacon/expect-ct"
1 < Expires: -1
1 < Location: http://jsonplaceholder.typicode.com/users/11
1 < Pragma: no-cache
1 < Server: cloudflare
1 < Set-Cookie: __cfduid=de08659b1f70ef2854c23cc475bfeb0611581556956; expires=Sat, 14-Mar-20 01:22:36 GMT; path=/; domain=.typicode.com; HttpOnly; SameSite=Lax
1 < Vary: Origin, X-HTTP-Method-Override, Accept-Encoding
1 < Via: 1.1 vegur
1 < X-Content-Type-Options: nosniff
1 < X-Powered-By: Express
{
  "name": "Test User",
  "username": "testuser",
  "email": "test@user.com",
  "address": {
    "street": "Has No Name",
    "suite": "Apt. 123",
    "city": "Electri",
    "zipcode": "54321-6789"
  },
  "id": 11
}

02:13:20.452 [main] INFO  com.intuit.karate - [print] created id is:  11
02:36:17.748 [main] DEBUG c.i.karate.cucumber.CucumberRunner - init test class: class examples.Karatetest
02:40:46.824 [main] DEBUG c.i.karate.cucumber.CucumberRunner - init test class: class examples.Karatetest
02:42:33.272 [main] DEBUG c.i.karate.cucumber.CucumberRunner - init test class: class examples.Karatetest
02:43:07.143 [main] DEBUG c.i.karate.cucumber.CucumberRunner - init test class: class examples.Karatetest
02:53:18.555 [main] DEBUG c.i.karate.cucumber.CucumberRunner - init test class: class examples.Karatetest
02:56:26.166 [main] DEBUG c.i.karate.cucumber.CucumberRunner - init test class: class examples.Karatetest
02:56:26.485 [main] DEBUG c.i.karate.cucumber.CucumberRunner - loading feature: /C:/Users/Liga/eclipse-workspace/karatetest/target/test-classes/examples%5cPetStore.feature
02:56:26.584 [main] DEBUG c.i.karate.cucumber.CucumberRunner - loading feature: /C:/Users/Liga/eclipse-workspace/karatetest/target/test-classes/examples%5cusers%5cusers.feature
02:56:28.036 [main] INFO  com.intuit.karate.ScriptBridge - karate.env system property was: null 
02:56:30.565 [main] DEBUG com.intuit.karate.StepDefs - response time in milliseconds: 2071
02:56:30.891 [main] DEBUG com.intuit.karate.StepDefs - response time in milliseconds: 54
02:56:30.965 [main] INFO  com.intuit.karate.ScriptBridge - karate.env system property was: null 
02:56:32.157 [main] DEBUG com.intuit.karate.StepDefs - response time in milliseconds: 1143
02:56:32.182 [main] INFO  com.intuit.karate.StepDefs - [print] 11
03:18:05.718 [main] DEBUG c.i.karate.cucumber.CucumberRunner - init test class: class examples.Karatetest
03:18:06.052 [main] DEBUG c.i.karate.cucumber.CucumberRunner - loading feature: /C:/Users/Liga/eclipse-workspace/karatetest/target/test-classes/examples%5cPetStore.feature
03:18:06.194 [main] DEBUG c.i.karate.cucumber.CucumberRunner - loading feature: /C:/Users/Liga/eclipse-workspace/karatetest/target/test-classes/examples%5cusers%5cusers.feature
03:18:08.084 [main] INFO  com.intuit.karate.ScriptBridge - karate.env system property was: null 
03:18:11.352 [main] DEBUG com.intuit.karate.StepDefs - response time in milliseconds: 2553
03:18:11.570 [main] INFO  com.intuit.karate.ScriptBridge - karate.env system property was: null 
03:18:11.863 [main] DEBUG com.intuit.karate.StepDefs - response time in milliseconds: 224
03:18:11.997 [main] DEBUG com.intuit.karate.StepDefs - response time in milliseconds: 37
03:18:12.050 [main] INFO  com.intuit.karate.ScriptBridge - karate.env system property was: null 
03:18:12.846 [main] DEBUG com.intuit.karate.StepDefs - response time in milliseconds: 728
03:18:12.882 [main] INFO  com.intuit.karate.StepDefs - [print] 11
04:11:13.849 [main] DEBUG c.i.karate.cucumber.CucumberRunner - init test class: class examples.Karatetest
04:11:14.121 [main] DEBUG c.i.karate.cucumber.CucumberRunner - loading feature: /C:/Users/Liga/eclipse-workspace/karatetest/target/test-classes/examples%5cInsertPet.feature
04:11:14.186 [main] DEBUG c.i.karate.cucumber.CucumberRunner - loading feature: /C:/Users/Liga/eclipse-workspace/karatetest/target/test-classes/examples%5cusers%5cusers.feature
04:11:15.207 [main] INFO  com.intuit.karate.ScriptBridge - karate.env system property was: null 
04:11:15.885 [main] INFO  com.intuit.karate.ScriptBridge - karate.env system property was: null 
04:11:15.961 [main] INFO  com.intuit.karate.ScriptBridge - karate.env system property was: null 
04:11:16.034 [main] INFO  com.intuit.karate.ScriptBridge - karate.env system property was: null 
04:11:16.146 [main] INFO  com.intuit.karate.ScriptBridge - karate.env system property was: null 
04:11:17.859 [main] DEBUG com.intuit.karate.StepDefs - response time in milliseconds: 1669
04:11:17.988 [main] DEBUG com.intuit.karate.StepDefs - response time in milliseconds: 38
04:11:18.040 [main] INFO  com.intuit.karate.ScriptBridge - karate.env system property was: null 
04:11:19.511 [main] DEBUG com.intuit.karate.StepDefs - response time in milliseconds: 1435
04:11:19.534 [main] INFO  com.intuit.karate.StepDefs - [print] 11
04:20:59.662 [main] DEBUG c.i.karate.cucumber.CucumberRunner - init test class: class examples.Karatetest
04:20:59.908 [main] DEBUG c.i.karate.cucumber.CucumberRunner - loading feature: /C:/Users/Liga/eclipse-workspace/karatetest/target/test-classes/examples%5cInsertPet.feature
04:21:00.983 [main] INFO  com.intuit.karate.ScriptBridge - karate.env system property was: null 
04:21:01.639 [main] INFO  com.intuit.karate.ScriptBridge - karate.env system property was: null 
04:21:01.721 [main] INFO  com.intuit.karate.ScriptBridge - karate.env system property was: null 
04:21:01.811 [main] INFO  com.intuit.karate.ScriptBridge - karate.env system property was: null 
04:27:37.476 [main] DEBUG c.i.karate.cucumber.CucumberRunner - init test class: class examples.Karatetest
04:27:37.769 [main] DEBUG c.i.karate.cucumber.CucumberRunner - loading feature: /C:/Users/Liga/eclipse-workspace/karatetest/target/test-classes/examples%5cInsertPet.feature
04:27:39.010 [main] INFO  com.intuit.karate.ScriptBridge - karate.env system property was: null 
04:27:39.305 [main] INFO  com.intuit.karate.ScriptBridge - karate.env system property was: null 
04:27:39.396 [main] INFO  com.intuit.karate.ScriptBridge - karate.env system property was: null 
04:27:39.480 [main] INFO  com.intuit.karate.ScriptBridge - karate.env system property was: null 
05:41:59.802 [main] DEBUG c.i.karate.cucumber.CucumberRunner - init test class: class examples.Karatetest
05:43:02.490 [main] DEBUG c.i.karate.cucumber.CucumberRunner - init test class: class examples.Karatetest
05:43:02.799 [main] DEBUG c.i.karate.cucumber.CucumberRunner - loading feature: /C:/Users/Liga/eclipse-workspace/karatetest/target/test-classes/examples%5cAuthentication.feature
05:43:02.855 [main] DEBUG c.i.karate.cucumber.CucumberRunner - loading feature: /C:/Users/Liga/eclipse-workspace/karatetest/target/test-classes/examples%5cInsertPet.feature
05:43:03.884 [main] INFO  com.intuit.karate.ScriptBridge - karate.env system property was: null 
05:43:04.150 [main] INFO  com.intuit.karate.ScriptBridge - karate.env system property was: null 
05:43:04.681 [main] INFO  com.intuit.karate.ScriptBridge - karate.env system property was: null 
05:43:04.757 [main] INFO  com.intuit.karate.ScriptBridge - karate.env system property was: null 
05:43:04.821 [main] INFO  com.intuit.karate.ScriptBridge - karate.env system property was: null 
08:17:11.274 [main] DEBUG c.i.karate.cucumber.CucumberRunner - init test class: class examples.Karatetest
08:17:11.613 [main] DEBUG c.i.karate.cucumber.CucumberRunner - loading feature: /C:/Users/Liga/eclipse-workspace/karatetest/target/test-classes/examples%5cAuthentication.feature
08:17:11.686 [main] DEBUG c.i.karate.cucumber.CucumberRunner - loading feature: /C:/Users/Liga/eclipse-workspace/karatetest/target/test-classes/examples%5cInsertPet.feature
08:17:12.648 [main] INFO  com.intuit.karate.ScriptBridge - karate.env system property was: null 
08:17:13.203 [main] INFO  com.intuit.karate.ScriptBridge - karate.env system property was: null 
08:17:13.391 [main] INFO  com.intuit.karate.ScriptBridge - karate.env system property was: null 
08:17:13.462 [main] INFO  com.intuit.karate.ScriptBridge - karate.env system property was: null 
08:17:13.575 [main] INFO  com.intuit.karate.ScriptBridge - karate.env system property was: null 
08:17:53.206 [main] DEBUG c.i.karate.cucumber.CucumberRunner - init test class: class examples.Karatetest
08:17:53.452 [main] DEBUG c.i.karate.cucumber.CucumberRunner - loading feature: /C:/Users/Liga/eclipse-workspace/karatetest/target/test-classes/examples%5cAuthentication.feature
08:17:53.536 [main] DEBUG c.i.karate.cucumber.CucumberRunner - loading feature: /C:/Users/Liga/eclipse-workspace/karatetest/target/test-classes/examples%5cInsertPet.feature
08:17:54.485 [main] INFO  com.intuit.karate.ScriptBridge - karate.env system property was: null 
08:17:55.010 [main] INFO  com.intuit.karate.ScriptBridge - karate.env system property was: null 
08:17:55.236 [main] INFO  com.intuit.karate.ScriptBridge - karate.env system property was: null 
08:17:55.302 [main] INFO  com.intuit.karate.ScriptBridge - karate.env system property was: null 
08:17:55.379 [main] INFO  com.intuit.karate.ScriptBridge - karate.env system property was: null 
08:26:33.134 [main] DEBUG c.i.karate.cucumber.CucumberRunner - init test class: class examples.Karatetest
08:26:33.351 [main] DEBUG c.i.karate.cucumber.CucumberRunner - loading feature: /C:/Users/Liga/eclipse-workspace/karatetest/target/test-classes/examples%5cAuthentication.feature
08:26:33.414 [main] DEBUG c.i.karate.cucumber.CucumberRunner - loading feature: /C:/Users/Liga/eclipse-workspace/karatetest/target/test-classes/examples%5cInsertPet.feature
08:26:34.342 [main] INFO  com.intuit.karate.ScriptBridge - karate.env system property was: null 
08:26:34.871 [main] INFO  com.intuit.karate.ScriptBridge - karate.env system property was: null 
08:26:34.959 [main] INFO  com.intuit.karate.ScriptBridge - karate.env system property was: null 
08:26:35.127 [main] INFO  com.intuit.karate.ScriptBridge - karate.env system property was: null 
08:26:35.208 [main] INFO  com.intuit.karate.ScriptBridge - karate.env system property was: null 
08:32:10.654 [main] DEBUG c.i.karate.cucumber.CucumberRunner - init test class: class examples.Karatetest
08:32:10.908 [main] DEBUG c.i.karate.cucumber.CucumberRunner - loading feature: /C:/Users/Liga/eclipse-workspace/karatetest/target/test-classes/examples%5cAuthentication.feature
08:32:10.990 [main] DEBUG c.i.karate.cucumber.CucumberRunner - loading feature: /C:/Users/Liga/eclipse-workspace/karatetest/target/test-classes/examples%5cInsertPet.feature
08:32:11.955 [main] INFO  com.intuit.karate.ScriptBridge - karate.env system property was: null 
08:32:12.506 [main] INFO  com.intuit.karate.ScriptBridge - karate.env system property was: null 
08:32:12.612 [main] INFO  com.intuit.karate.ScriptBridge - karate.env system property was: null 
08:32:12.778 [main] INFO  com.intuit.karate.ScriptBridge - karate.env system property was: null 
08:32:12.849 [main] INFO  com.intuit.karate.ScriptBridge - karate.env system property was: null 
08:34:46.864 [main] DEBUG c.i.karate.cucumber.CucumberRunner - init test class: class examples.Karatetest
08:34:47.099 [main] DEBUG c.i.karate.cucumber.CucumberRunner - loading feature: /C:/Users/Liga/eclipse-workspace/karatetest/target/test-classes/examples%5cAuthentication.feature
08:34:47.165 [main] DEBUG c.i.karate.cucumber.CucumberRunner - loading feature: /C:/Users/Liga/eclipse-workspace/karatetest/target/test-classes/examples%5cInsertPet.feature
08:34:48.091 [main] INFO  com.intuit.karate.ScriptBridge - karate.env system property was: null 
08:34:48.524 [main] INFO  com.intuit.karate.ScriptBridge - karate.env system property was: null 
08:34:48.706 [main] INFO  com.intuit.karate.ScriptBridge - karate.env system property was: null 
08:34:48.883 [main] INFO  com.intuit.karate.ScriptBridge - karate.env system property was: null 
08:34:48.987 [main] INFO  com.intuit.karate.ScriptBridge - karate.env system property was: null 
08:36:31.772 [main] DEBUG c.i.karate.cucumber.CucumberRunner - init test class: class examples.Karatetest
08:36:32.017 [main] DEBUG c.i.karate.cucumber.CucumberRunner - loading feature: /C:/Users/Liga/eclipse-workspace/karatetest/target/test-classes/examples%5cAuthentication.feature
08:36:32.079 [main] DEBUG c.i.karate.cucumber.CucumberRunner - loading feature: /C:/Users/Liga/eclipse-workspace/karatetest/target/test-classes/examples%5cInsertPet.feature
08:36:33.054 [main] INFO  com.intuit.karate.ScriptBridge - karate.env system property was: null 
08:36:33.545 [main] INFO  com.intuit.karate.ScriptBridge - karate.env system property was: null 
08:36:33.732 [main] INFO  com.intuit.karate.ScriptBridge - karate.env system property was: null 
08:36:33.891 [main] INFO  com.intuit.karate.ScriptBridge - karate.env system property was: null 
08:36:33.962 [main] INFO  com.intuit.karate.ScriptBridge - karate.env system property was: null 
08:55:10.793 [main] DEBUG c.i.karate.cucumber.CucumberRunner - init test class: class examples.Karatetest
08:55:11.036 [main] DEBUG c.i.karate.cucumber.CucumberRunner - loading feature: /C:/Users/Liga/eclipse-workspace/karatetest/target/test-classes/examples%5cAuthentication.feature
08:55:11.096 [main] DEBUG c.i.karate.cucumber.CucumberRunner - loading feature: /C:/Users/Liga/eclipse-workspace/karatetest/target/test-classes/examples%5cInsertPet.feature
08:55:12.138 [main] INFO  com.intuit.karate.ScriptBridge - karate.env system property was: null 
08:55:12.724 [main] INFO  com.intuit.karate.ScriptBridge - karate.env system property was: null 
08:55:12.911 [main] INFO  com.intuit.karate.ScriptBridge - karate.env system property was: null 
08:55:13.107 [main] INFO  com.intuit.karate.ScriptBridge - karate.env system property was: null 
08:55:13.176 [main] INFO  com.intuit.karate.ScriptBridge - karate.env system property was: null 
08:56:07.993 [main] DEBUG c.i.karate.cucumber.CucumberRunner - init test class: class examples.Karatetest
08:56:08.277 [main] DEBUG c.i.karate.cucumber.CucumberRunner - loading feature: /C:/Users/Liga/eclipse-workspace/karatetest/target/test-classes/examples%5cAuthentication.feature
08:56:08.335 [main] DEBUG c.i.karate.cucumber.CucumberRunner - loading feature: /C:/Users/Liga/eclipse-workspace/karatetest/target/test-classes/examples%5cInsertPet.feature
08:56:09.330 [main] INFO  com.intuit.karate.ScriptBridge - karate.env system property was: null 
08:56:09.794 [main] INFO  com.intuit.karate.ScriptBridge - karate.env system property was: null 
08:56:09.963 [main] INFO  com.intuit.karate.ScriptBridge - karate.env system property was: null 
08:56:10.131 [main] INFO  com.intuit.karate.ScriptBridge - karate.env system property was: null 
08:56:10.203 [main] INFO  com.intuit.karate.ScriptBridge - karate.env system property was: null 
08:57:29.550 [main] DEBUG c.i.karate.cucumber.CucumberRunner - init test class: class examples.Karatetest
08:57:29.808 [main] DEBUG c.i.karate.cucumber.CucumberRunner - loading feature: /C:/Users/Liga/eclipse-workspace/karatetest/target/test-classes/examples%5cAuthentication.feature
08:57:29.888 [main] DEBUG c.i.karate.cucumber.CucumberRunner - loading feature: /C:/Users/Liga/eclipse-workspace/karatetest/target/test-classes/examples%5cInsertPet.feature
08:57:30.838 [main] INFO  com.intuit.karate.ScriptBridge - karate.env system property was: null 
08:57:31.399 [main] INFO  com.intuit.karate.ScriptBridge - karate.env system property was: null 
08:57:31.503 [main] INFO  com.intuit.karate.ScriptBridge - karate.env system property was: null 
08:57:31.678 [main] INFO  com.intuit.karate.ScriptBridge - karate.env system property was: null 
08:57:31.761 [main] INFO  com.intuit.karate.ScriptBridge - karate.env system property was: null 
08:58:06.303 [main] DEBUG c.i.karate.cucumber.CucumberRunner - init test class: class examples.Karatetest
08:58:06.565 [main] DEBUG c.i.karate.cucumber.CucumberRunner - loading feature: /C:/Users/Liga/eclipse-workspace/karatetest/target/test-classes/examples%5cAuthentication.feature
08:58:06.629 [main] DEBUG c.i.karate.cucumber.CucumberRunner - loading feature: /C:/Users/Liga/eclipse-workspace/karatetest/target/test-classes/examples%5cInsertPet.feature
08:58:07.598 [main] INFO  com.intuit.karate.ScriptBridge - karate.env system property was: null 
08:58:11.110 [main] DEBUG com.intuit.karate.StepDefs - response time in milliseconds: 3085
08:58:11.206 [main] ERROR com.intuit.karate.StepDefs - FAILED, status code was 302, expected 200
08:58:11.302 [main] INFO  com.intuit.karate.ScriptBridge - karate.env system property was: null 
08:58:11.395 [main] INFO  com.intuit.karate.ScriptBridge - karate.env system property was: null 
08:58:11.502 [main] INFO  com.intuit.karate.ScriptBridge - karate.env system property was: null 
08:58:11.593 [main] INFO  com.intuit.karate.ScriptBridge - karate.env system property was: null 
08:59:33.550 [main] DEBUG c.i.karate.cucumber.CucumberRunner - init test class: class examples.Karatetest
08:59:33.787 [main] DEBUG c.i.karate.cucumber.CucumberRunner - loading feature: /C:/Users/Liga/eclipse-workspace/karatetest/target/test-classes/examples%5cAuthentication.feature
08:59:33.852 [main] DEBUG c.i.karate.cucumber.CucumberRunner - loading feature: /C:/Users/Liga/eclipse-workspace/karatetest/target/test-classes/examples%5cInsertPet.feature
08:59:34.788 [main] INFO  com.intuit.karate.ScriptBridge - karate.env system property was: null 
08:59:37.217 [main] DEBUG com.intuit.karate.StepDefs - response time in milliseconds: 1969
08:59:37.319 [main] ERROR com.intuit.karate.StepDefs - FAILED, status code was 302, expected 200
08:59:37.404 [main] INFO  com.intuit.karate.ScriptBridge - karate.env system property was: null 
08:59:37.485 [main] INFO  com.intuit.karate.ScriptBridge - karate.env system property was: null 
08:59:37.625 [main] INFO  com.intuit.karate.ScriptBridge - karate.env system property was: null 
08:59:37.684 [main] INFO  com.intuit.karate.ScriptBridge - karate.env system property was: null 
09:01:20.992 [main] DEBUG c.i.karate.cucumber.CucumberRunner - init test class: class examples.Karatetest
09:01:21.228 [main] DEBUG c.i.karate.cucumber.CucumberRunner - loading feature: /C:/Users/Liga/eclipse-workspace/karatetest/target/test-classes/examples%5cAuthentication.feature
09:01:21.285 [main] DEBUG c.i.karate.cucumber.CucumberRunner - loading feature: /C:/Users/Liga/eclipse-workspace/karatetest/target/test-classes/examples%5cInsertPet.feature
09:01:22.240 [main] INFO  com.intuit.karate.ScriptBridge - karate.env system property was: null 
09:01:24.684 [main] DEBUG com.intuit.karate.StepDefs - response time in milliseconds: 1977
09:01:24.774 [main] ERROR com.intuit.karate.StepDefs - FAILED, status code was 302, expected 200
09:01:24.862 [main] INFO  com.intuit.karate.ScriptBridge - karate.env system property was: null 
09:01:24.977 [main] INFO  com.intuit.karate.ScriptBridge - karate.env system property was: null 
09:01:25.089 [main] INFO  com.intuit.karate.ScriptBridge - karate.env system property was: null 
09:01:25.139 [main] INFO  com.intuit.karate.ScriptBridge - karate.env system property was: null 
09:08:48.877 [main] DEBUG c.i.karate.cucumber.CucumberRunner - init test class: class examples.Karatetest
09:08:49.080 [main] DEBUG c.i.karate.cucumber.CucumberRunner - loading feature: /C:/Users/Liga/eclipse-workspace/karatetest/target/test-classes/examples%5cAuthentication.feature
09:08:49.166 [main] DEBUG c.i.karate.cucumber.CucumberRunner - loading feature: /C:/Users/Liga/eclipse-workspace/karatetest/target/test-classes/examples%5cInsertPet.feature
09:08:50.176 [main] INFO  com.intuit.karate.ScriptBridge - karate.env system property was: null 
09:08:52.633 [main] DEBUG com.intuit.karate.StepDefs - response time in milliseconds: 1894
09:08:52.750 [main] ERROR com.intuit.karate.StepDefs - FAILED, status code was 302, expected 200
09:08:52.826 [main] INFO  com.intuit.karate.ScriptBridge - karate.env system property was: null 
09:08:52.915 [main] INFO  com.intuit.karate.ScriptBridge - karate.env system property was: null 
09:08:53.018 [main] INFO  com.intuit.karate.ScriptBridge - karate.env system property was: null 
09:08:53.081 [main] INFO  com.intuit.karate.ScriptBridge - karate.env system property was: null 
09:17:00.243 [main] DEBUG c.i.karate.cucumber.CucumberRunner - init test class: class examples.Karatetest
09:17:00.489 [main] DEBUG c.i.karate.cucumber.CucumberRunner - loading feature: /C:/Users/Liga/eclipse-workspace/karatetest/target/test-classes/examples%5cAuthentication.feature
09:17:00.572 [main] DEBUG c.i.karate.cucumber.CucumberRunner - loading feature: /C:/Users/Liga/eclipse-workspace/karatetest/target/test-classes/examples%5cInsertPet.feature
09:17:01.518 [main] INFO  com.intuit.karate.ScriptBridge - karate.env system property was: null 
09:17:03.294 [main] INFO  com.intuit.karate.ScriptBridge - karate.env system property was: null 
09:17:03.433 [main] INFO  com.intuit.karate.ScriptBridge - karate.env system property was: null 
09:17:03.615 [main] INFO  com.intuit.karate.ScriptBridge - karate.env system property was: null 
09:17:03.699 [main] INFO  com.intuit.karate.ScriptBridge - karate.env system property was: null 
09:18:47.455 [main] DEBUG c.i.karate.cucumber.CucumberRunner - init test class: class examples.Karatetest
09:18:47.744 [main] DEBUG c.i.karate.cucumber.CucumberRunner - loading feature: /C:/Users/Liga/eclipse-workspace/karatetest/target/test-classes/examples%5cAuthentication.feature
09:18:47.800 [main] DEBUG c.i.karate.cucumber.CucumberRunner - loading feature: /C:/Users/Liga/eclipse-workspace/karatetest/target/test-classes/examples%5cInsertPet.feature
09:18:48.747 [main] INFO  com.intuit.karate.ScriptBridge - karate.env system property was: null 
09:18:51.203 [main] DEBUG com.intuit.karate.StepDefs - response time in milliseconds: 2017
09:18:51.716 [main] DEBUG com.intuit.karate.StepDefs - response time in milliseconds: 368
09:18:51.726 [main] ERROR com.intuit.karate.StepDefs - FAILED, status code was 302, expected 200
09:18:51.855 [main] INFO  com.intuit.karate.ScriptBridge - karate.env system property was: null 
09:18:51.939 [main] INFO  com.intuit.karate.ScriptBridge - karate.env system property was: null 
09:18:52.034 [main] INFO  com.intuit.karate.ScriptBridge - karate.env system property was: null 
09:18:52.084 [main] INFO  com.intuit.karate.ScriptBridge - karate.env system property was: null 
09:23:51.959 [main] DEBUG c.i.karate.cucumber.CucumberRunner - init test class: class examples.Karatetest
09:23:52.197 [main] DEBUG c.i.karate.cucumber.CucumberRunner - loading feature: /C:/Users/Liga/eclipse-workspace/karatetest/target/test-classes/examples%5cAuthentication.feature
09:23:52.278 [main] DEBUG c.i.karate.cucumber.CucumberRunner - loading feature: /C:/Users/Liga/eclipse-workspace/karatetest/target/test-classes/examples%5cInsertPet.feature
09:23:53.187 [main] INFO  com.intuit.karate.ScriptBridge - karate.env system property was: null 
09:23:55.769 [main] DEBUG com.intuit.karate.StepDefs - response time in milliseconds: 2003
09:23:55.849 [main] ERROR com.intuit.karate.StepDefs - FAILED, status code was 302, expected 200
09:23:55.940 [main] INFO  com.intuit.karate.ScriptBridge - karate.env system property was: null 
09:23:56.010 [main] INFO  com.intuit.karate.ScriptBridge - karate.env system property was: null 
09:23:56.103 [main] INFO  com.intuit.karate.ScriptBridge - karate.env system property was: null 
09:23:56.168 [main] INFO  com.intuit.karate.ScriptBridge - karate.env system property was: null 
09:34:01.942 [main] DEBUG c.i.karate.cucumber.CucumberRunner - init test class: class examples.Karatetest
09:34:02.191 [main] DEBUG c.i.karate.cucumber.CucumberRunner - loading feature: /C:/Users/Liga/eclipse-workspace/karatetest/target/test-classes/examples%5cAuthentication.feature
09:34:02.264 [main] DEBUG c.i.karate.cucumber.CucumberRunner - loading feature: /C:/Users/Liga/eclipse-workspace/karatetest/target/test-classes/examples%5cInsertPet.feature
09:34:03.221 [main] INFO  com.intuit.karate.ScriptBridge - karate.env system property was: null 
09:34:05.758 [main] DEBUG com.intuit.karate.StepDefs - response time in milliseconds: 1929
09:34:05.958 [main] INFO  com.intuit.karate.ScriptBridge - karate.env system property was: null 
09:34:06.041 [main] INFO  com.intuit.karate.ScriptBridge - karate.env system property was: null 
09:34:06.165 [main] INFO  com.intuit.karate.ScriptBridge - karate.env system property was: null 
09:34:06.238 [main] INFO  com.intuit.karate.ScriptBridge - karate.env system property was: null 
09:36:57.390 [main] DEBUG c.i.karate.cucumber.CucumberRunner - init test class: class examples.Karatetest
09:36:57.709 [main] DEBUG c.i.karate.cucumber.CucumberRunner - loading feature: /C:/Users/Liga/eclipse-workspace/karatetest/target/test-classes/examples%5cAuthentication.feature
09:36:57.795 [main] DEBUG c.i.karate.cucumber.CucumberRunner - loading feature: /C:/Users/Liga/eclipse-workspace/karatetest/target/test-classes/examples%5cInsertPet.feature
09:36:58.822 [main] INFO  com.intuit.karate.ScriptBridge - karate.env system property was: null 
09:37:01.384 [main] DEBUG com.intuit.karate.StepDefs - response time in milliseconds: 2012
09:37:01.588 [main] INFO  com.intuit.karate.ScriptBridge - karate.env system property was: null 
09:37:01.686 [main] INFO  com.intuit.karate.ScriptBridge - karate.env system property was: null 
09:37:01.797 [main] INFO  com.intuit.karate.ScriptBridge - karate.env system property was: null 
09:37:01.857 [main] INFO  com.intuit.karate.ScriptBridge - karate.env system property was: null 
09:38:02.611 [main] DEBUG c.i.karate.cucumber.CucumberRunner - init test class: class examples.Karatetest
09:38:02.865 [main] DEBUG c.i.karate.cucumber.CucumberRunner - loading feature: /C:/Users/Liga/eclipse-workspace/karatetest/target/test-classes/examples%5cAuthentication.feature
09:38:02.929 [main] DEBUG c.i.karate.cucumber.CucumberRunner - loading feature: /C:/Users/Liga/eclipse-workspace/karatetest/target/test-classes/examples%5cInsertPet.feature
09:38:03.888 [main] INFO  com.intuit.karate.ScriptBridge - karate.env system property was: null 
09:38:06.424 [main] DEBUG com.intuit.karate.StepDefs - response time in milliseconds: 2080
09:38:06.616 [main] INFO  com.intuit.karate.ScriptBridge - karate.env system property was: null 
09:38:06.731 [main] INFO  com.intuit.karate.ScriptBridge - karate.env system property was: null 
09:38:06.831 [main] INFO  com.intuit.karate.ScriptBridge - karate.env system property was: null 
09:38:06.890 [main] INFO  com.intuit.karate.ScriptBridge - karate.env system property was: null 
09:38:39.929 [main] DEBUG c.i.karate.cucumber.CucumberRunner - init test class: class examples.Karatetest
09:38:40.189 [main] DEBUG c.i.karate.cucumber.CucumberRunner - loading feature: /C:/Users/Liga/eclipse-workspace/karatetest/target/test-classes/examples%5cAuthentication.feature
09:38:40.247 [main] DEBUG c.i.karate.cucumber.CucumberRunner - loading feature: /C:/Users/Liga/eclipse-workspace/karatetest/target/test-classes/examples%5cInsertPet.feature
09:38:41.217 [main] INFO  com.intuit.karate.ScriptBridge - karate.env system property was: null 
09:38:43.737 [main] DEBUG com.intuit.karate.StepDefs - response time in milliseconds: 1908
09:38:43.972 [main] INFO  com.intuit.karate.ScriptBridge - karate.env system property was: null 
09:38:44.067 [main] INFO  com.intuit.karate.ScriptBridge - karate.env system property was: null 
09:38:44.175 [main] INFO  com.intuit.karate.ScriptBridge - karate.env system property was: null 
09:38:44.246 [main] INFO  com.intuit.karate.ScriptBridge - karate.env system property was: null 
09:47:13.917 [main] DEBUG c.i.karate.cucumber.CucumberRunner - init test class: class examples.Karatetest
09:47:14.176 [main] DEBUG c.i.karate.cucumber.CucumberRunner - loading feature: /C:/Users/Liga/eclipse-workspace/karatetest/target/test-classes/examples%5cAuthentication.feature
09:47:14.247 [main] DEBUG c.i.karate.cucumber.CucumberRunner - loading feature: /C:/Users/Liga/eclipse-workspace/karatetest/target/test-classes/examples%5cInsertPet.feature
09:47:15.182 [main] INFO  com.intuit.karate.ScriptBridge - karate.env system property was: null 
09:47:15.797 [main] INFO  com.intuit.karate.ScriptBridge - karate.env system property was: null 
09:47:15.890 [main] INFO  com.intuit.karate.ScriptBridge - karate.env system property was: null 
09:47:16.039 [main] INFO  com.intuit.karate.ScriptBridge - karate.env system property was: null 
09:47:16.102 [main] INFO  com.intuit.karate.ScriptBridge - karate.env system property was: null 
09:48:16.790 [main] DEBUG c.i.karate.cucumber.CucumberRunner - init test class: class examples.Karatetest
09:48:17.031 [main] DEBUG c.i.karate.cucumber.CucumberRunner - loading feature: /C:/Users/Liga/eclipse-workspace/karatetest/target/test-classes/examples%5cAuthentication.feature
09:48:17.086 [main] DEBUG c.i.karate.cucumber.CucumberRunner - loading feature: /C:/Users/Liga/eclipse-workspace/karatetest/target/test-classes/examples%5cInsertPet.feature
09:48:18.054 [main] INFO  com.intuit.karate.ScriptBridge - karate.env system property was: null 
09:48:18.624 [main] INFO  com.intuit.karate.ScriptBridge - karate.env system property was: null 
09:48:18.737 [main] INFO  com.intuit.karate.ScriptBridge - karate.env system property was: null 
09:48:18.912 [main] INFO  com.intuit.karate.ScriptBridge - karate.env system property was: null 
09:48:18.985 [main] INFO  com.intuit.karate.ScriptBridge - karate.env system property was: null 
10:12:43.751 [main] DEBUG c.i.karate.cucumber.CucumberRunner - init test class: class examples.Karatetest
10:12:44.035 [main] DEBUG c.i.karate.cucumber.CucumberRunner - loading feature: /C:/Users/Liga/eclipse-workspace/karatetest/target/test-classes/examples%5cAuthentication.feature
10:12:44.101 [main] DEBUG c.i.karate.cucumber.CucumberRunner - loading feature: /C:/Users/Liga/eclipse-workspace/karatetest/target/test-classes/examples%5cInsertPet.feature
10:12:45.069 [main] INFO  com.intuit.karate.ScriptBridge - karate.env system property was: null 
10:12:45.627 [main] INFO  com.intuit.karate.ScriptBridge - karate.env system property was: null 
10:12:45.742 [main] INFO  com.intuit.karate.ScriptBridge - karate.env system property was: null 
10:12:45.904 [main] INFO  com.intuit.karate.ScriptBridge - karate.env system property was: null 
10:12:45.971 [main] INFO  com.intuit.karate.ScriptBridge - karate.env system property was: null 
10:17:53.741 [main] DEBUG c.i.karate.cucumber.CucumberRunner - init test class: class examples.Karatetest
10:17:53.985 [main] DEBUG c.i.karate.cucumber.CucumberRunner - loading feature: /C:/Users/Liga/eclipse-workspace/karatetest/target/test-classes/examples%5cAuthentication.feature
10:17:54.048 [main] DEBUG c.i.karate.cucumber.CucumberRunner - loading feature: /C:/Users/Liga/eclipse-workspace/karatetest/target/test-classes/examples%5cInsertPet.feature
10:17:55.016 [main] INFO  com.intuit.karate.ScriptBridge - karate.env system property was: null 
10:17:57.518 [main] DEBUG com.intuit.karate.StepDefs - response time in milliseconds: 1955
10:17:57.717 [main] INFO  com.intuit.karate.ScriptBridge - karate.env system property was: null 
10:17:57.794 [main] INFO  com.intuit.karate.ScriptBridge - karate.env system property was: null 
10:17:57.898 [main] INFO  com.intuit.karate.ScriptBridge - karate.env system property was: null 
10:17:57.954 [main] INFO  com.intuit.karate.ScriptBridge - karate.env system property was: null 
10:19:23.590 [main] DEBUG c.i.karate.cucumber.CucumberRunner - init test class: class examples.Karatetest
10:19:23.846 [main] DEBUG c.i.karate.cucumber.CucumberRunner - loading feature: /C:/Users/Liga/eclipse-workspace/karatetest/target/test-classes/examples%5cAuthentication.feature
10:19:23.914 [main] DEBUG c.i.karate.cucumber.CucumberRunner - loading feature: /C:/Users/Liga/eclipse-workspace/karatetest/target/test-classes/examples%5cInsertPet.feature
10:19:24.893 [main] INFO  com.intuit.karate.ScriptBridge - karate.env system property was: null 
10:19:27.516 [main] DEBUG com.intuit.karate.StepDefs - response time in milliseconds: 2038
10:19:27.612 [main] ERROR com.intuit.karate.StepDefs - FAILED, status code was 302, expected 200
10:19:27.707 [main] INFO  com.intuit.karate.ScriptBridge - karate.env system property was: null 
10:19:27.782 [main] INFO  com.intuit.karate.ScriptBridge - karate.env system property was: null 
10:19:27.896 [main] INFO  com.intuit.karate.ScriptBridge - karate.env system property was: null 
10:19:27.962 [main] INFO  com.intuit.karate.ScriptBridge - karate.env system property was: null 
10:19:45.379 [main] DEBUG c.i.karate.cucumber.CucumberRunner - init test class: class examples.Karatetest
10:19:45.665 [main] DEBUG c.i.karate.cucumber.CucumberRunner - loading feature: /C:/Users/Liga/eclipse-workspace/karatetest/target/test-classes/examples%5cAuthentication.feature
10:19:45.724 [main] DEBUG c.i.karate.cucumber.CucumberRunner - loading feature: /C:/Users/Liga/eclipse-workspace/karatetest/target/test-classes/examples%5cInsertPet.feature
10:19:46.692 [main] INFO  com.intuit.karate.ScriptBridge - karate.env system property was: null 
10:19:49.336 [main] DEBUG com.intuit.karate.StepDefs - response time in milliseconds: 2029
10:19:49.472 [main] ERROR com.intuit.karate.StepDefs - FAILED, path: $['Location'][0], actual: http://petstore.swagger.io/oauth/login.jsp, expected: https://petstore.swagger.io/oauth/login.jsp, reason: not equal
10:19:49.556 [main] INFO  com.intuit.karate.ScriptBridge - karate.env system property was: null 
10:19:49.639 [main] INFO  com.intuit.karate.ScriptBridge - karate.env system property was: null 
10:19:49.743 [main] INFO  com.intuit.karate.ScriptBridge - karate.env system property was: null 
10:19:49.793 [main] INFO  com.intuit.karate.ScriptBridge - karate.env system property was: null 
10:20:46.614 [main] DEBUG c.i.karate.cucumber.CucumberRunner - init test class: class examples.Karatetest
10:20:46.861 [main] DEBUG c.i.karate.cucumber.CucumberRunner - loading feature: /C:/Users/Liga/eclipse-workspace/karatetest/target/test-classes/examples%5cAuthentication.feature
10:20:46.920 [main] DEBUG c.i.karate.cucumber.CucumberRunner - loading feature: /C:/Users/Liga/eclipse-workspace/karatetest/target/test-classes/examples%5cInsertPet.feature
10:20:47.874 [main] INFO  com.intuit.karate.ScriptBridge - karate.env system property was: null 
10:20:50.490 [main] DEBUG com.intuit.karate.StepDefs - response time in milliseconds: 2085
10:20:51.036 [main] DEBUG com.intuit.karate.StepDefs - response time in milliseconds: 396
10:20:51.039 [main] ERROR com.intuit.karate.StepDefs - FAILED, status code was 302, expected 200
10:20:51.144 [main] INFO  com.intuit.karate.ScriptBridge - karate.env system property was: null 
10:20:51.247 [main] INFO  com.intuit.karate.ScriptBridge - karate.env system property was: null 
10:20:51.314 [main] INFO  com.intuit.karate.ScriptBridge - karate.env system property was: null 
10:20:51.372 [main] INFO  com.intuit.karate.ScriptBridge - karate.env system property was: null 
10:36:04.054 [main] DEBUG c.i.karate.cucumber.CucumberRunner - init test class: class examples.Karatetest
10:36:04.285 [main] DEBUG c.i.karate.cucumber.CucumberRunner - loading feature: /C:/Users/Liga/eclipse-workspace/karatetest/target/test-classes/examples%5cAuthentication.feature
10:36:04.358 [main] DEBUG c.i.karate.cucumber.CucumberRunner - loading feature: /C:/Users/Liga/eclipse-workspace/karatetest/target/test-classes/examples%5cInsertPet.feature
10:36:05.291 [main] INFO  com.intuit.karate.ScriptBridge - karate.env system property was: null 
10:36:07.800 [main] DEBUG com.intuit.karate.StepDefs - response time in milliseconds: 1928
10:36:08.308 [main] DEBUG com.intuit.karate.StepDefs - response time in milliseconds: 361
10:36:08.312 [main] ERROR com.intuit.karate.StepDefs - FAILED, status code was 302, expected 200
10:36:08.413 [main] INFO  com.intuit.karate.ScriptBridge - karate.env system property was: null 
10:36:08.506 [main] INFO  com.intuit.karate.ScriptBridge - karate.env system property was: null 
10:36:08.597 [main] INFO  com.intuit.karate.ScriptBridge - karate.env system property was: null 
10:36:08.649 [main] INFO  com.intuit.karate.ScriptBridge - karate.env system property was: null 
10:36:50.429 [main] DEBUG c.i.karate.cucumber.CucumberRunner - init test class: class examples.Karatetest
10:36:50.711 [main] DEBUG c.i.karate.cucumber.CucumberRunner - loading feature: /C:/Users/Liga/eclipse-workspace/karatetest/target/test-classes/examples%5cAuthentication.feature
10:36:50.791 [main] DEBUG c.i.karate.cucumber.CucumberRunner - loading feature: /C:/Users/Liga/eclipse-workspace/karatetest/target/test-classes/examples%5cInsertPet.feature
10:36:51.735 [main] INFO  com.intuit.karate.ScriptBridge - karate.env system property was: null 
10:36:54.297 [main] DEBUG com.intuit.karate.StepDefs - response time in milliseconds: 2007
10:36:54.369 [main] ERROR com.intuit.karate.StepDefs - FAILED, status code was 302, expected 200
10:36:54.450 [main] INFO  com.intuit.karate.ScriptBridge - karate.env system property was: null 
10:36:54.576 [main] INFO  com.intuit.karate.ScriptBridge - karate.env system property was: null 
10:36:54.730 [main] INFO  com.intuit.karate.ScriptBridge - karate.env system property was: null 
10:36:54.817 [main] INFO  com.intuit.karate.ScriptBridge - karate.env system property was: null 
10:40:48.615 [main] DEBUG c.i.karate.cucumber.CucumberRunner - init test class: class examples.Karatetest
10:40:48.900 [main] DEBUG c.i.karate.cucumber.CucumberRunner - loading feature: /C:/Users/Liga/eclipse-workspace/karatetest/target/test-classes/examples%5cAuthentication.feature
10:40:48.993 [main] DEBUG c.i.karate.cucumber.CucumberRunner - loading feature: /C:/Users/Liga/eclipse-workspace/karatetest/target/test-classes/examples%5cInsertPet.feature
10:40:49.933 [main] INFO  com.intuit.karate.ScriptBridge - karate.env system property was: null 
10:40:52.518 [main] DEBUG com.intuit.karate.StepDefs - response time in milliseconds: 2017
10:40:52.609 [main] ERROR com.intuit.karate.StepDefs - FAILED, status code was 302, expected 200
10:40:52.700 [main] INFO  com.intuit.karate.ScriptBridge - karate.env system property was: null 
10:40:52.780 [main] INFO  com.intuit.karate.ScriptBridge - karate.env system property was: null 
10:40:52.921 [main] INFO  com.intuit.karate.ScriptBridge - karate.env system property was: null 
10:40:53.000 [main] INFO  com.intuit.karate.ScriptBridge - karate.env system property was: null 
10:41:23.041 [main] DEBUG c.i.karate.cucumber.CucumberRunner - init test class: class examples.Karatetest
10:41:23.278 [main] DEBUG c.i.karate.cucumber.CucumberRunner - loading feature: /C:/Users/Liga/eclipse-workspace/karatetest/target/test-classes/examples%5cAuthentication.feature
10:41:23.338 [main] DEBUG c.i.karate.cucumber.CucumberRunner - loading feature: /C:/Users/Liga/eclipse-workspace/karatetest/target/test-classes/examples%5cInsertPet.feature
10:41:24.273 [main] INFO  com.intuit.karate.ScriptBridge - karate.env system property was: null 
10:41:26.858 [main] DEBUG com.intuit.karate.StepDefs - response time in milliseconds: 2003
10:41:26.925 [main] ERROR com.intuit.karate.StepDefs - FAILED, status code was 302, expected 200
10:41:27.008 [main] INFO  com.intuit.karate.ScriptBridge - karate.env system property was: null 
10:41:27.076 [main] INFO  com.intuit.karate.ScriptBridge - karate.env system property was: null 
10:41:27.182 [main] INFO  com.intuit.karate.ScriptBridge - karate.env system property was: null 
10:41:27.242 [main] INFO  com.intuit.karate.ScriptBridge - karate.env system property was: null 
10:50:43.583 [main] DEBUG c.i.karate.cucumber.CucumberRunner - init test class: class examples.Karatetest
10:50:43.847 [main] DEBUG c.i.karate.cucumber.CucumberRunner - loading feature: /C:/Users/Liga/eclipse-workspace/karatetest/target/test-classes/examples%5cAuthentication.feature
10:50:43.920 [main] DEBUG c.i.karate.cucumber.CucumberRunner - loading feature: /C:/Users/Liga/eclipse-workspace/karatetest/target/test-classes/examples%5cInsertPet.feature
10:50:44.857 [main] INFO  com.intuit.karate.ScriptBridge - karate.env system property was: null 
10:50:47.435 [main] DEBUG com.intuit.karate.StepDefs - response time in milliseconds: 1996
10:50:47.526 [main] ERROR com.intuit.karate.StepDefs - FAILED, status code was 302, expected 200
10:50:47.610 [main] INFO  com.intuit.karate.ScriptBridge - karate.env system property was: null 
10:50:47.682 [main] INFO  com.intuit.karate.ScriptBridge - karate.env system property was: null 
10:50:47.801 [main] INFO  com.intuit.karate.ScriptBridge - karate.env system property was: null 
10:50:47.851 [main] INFO  com.intuit.karate.ScriptBridge - karate.env system property was: null 
10:57:26.918 [main] DEBUG c.i.karate.cucumber.CucumberRunner - init test class: class examples.Karatetest
10:57:27.173 [main] DEBUG c.i.karate.cucumber.CucumberRunner - loading feature: /C:/Users/Liga/eclipse-workspace/karatetest/target/test-classes/examples%5cAuthentication.feature
10:57:27.242 [main] DEBUG c.i.karate.cucumber.CucumberRunner - loading feature: /C:/Users/Liga/eclipse-workspace/karatetest/target/test-classes/examples%5cInsertPet.feature
10:57:28.190 [main] INFO  com.intuit.karate.ScriptBridge - karate.env system property was: null 
10:57:30.711 [main] DEBUG com.intuit.karate.StepDefs - response time in milliseconds: 2051
10:57:30.801 [main] ERROR com.intuit.karate.StepDefs - FAILED, status code was 302, expected 200
10:57:30.889 [main] INFO  com.intuit.karate.ScriptBridge - karate.env system property was: null 
10:57:30.971 [main] INFO  com.intuit.karate.ScriptBridge - karate.env system property was: null 
10:57:31.078 [main] INFO  com.intuit.karate.ScriptBridge - karate.env system property was: null 
10:57:31.151 [main] INFO  com.intuit.karate.ScriptBridge - karate.env system property was: null 
11:00:05.928 [main] DEBUG c.i.karate.cucumber.CucumberRunner - init test class: class examples.Karatetest
11:00:06.233 [main] DEBUG c.i.karate.cucumber.CucumberRunner - loading feature: /C:/Users/Liga/eclipse-workspace/karatetest/target/test-classes/examples%5cAuthentication.feature
11:00:06.314 [main] DEBUG c.i.karate.cucumber.CucumberRunner - loading feature: /C:/Users/Liga/eclipse-workspace/karatetest/target/test-classes/examples%5cInsertPet.feature
11:00:07.459 [main] INFO  com.intuit.karate.ScriptBridge - karate.env system property was: null 
11:00:10.065 [main] DEBUG com.intuit.karate.StepDefs - response time in milliseconds: 2071
11:00:10.163 [main] ERROR com.intuit.karate.StepDefs - FAILED, status code was 302, expected 200
11:00:10.248 [main] INFO  com.intuit.karate.ScriptBridge - karate.env system property was: null 
11:00:10.335 [main] INFO  com.intuit.karate.ScriptBridge - karate.env system property was: null 
11:00:10.435 [main] INFO  com.intuit.karate.ScriptBridge - karate.env system property was: null 
11:00:10.511 [main] INFO  com.intuit.karate.ScriptBridge - karate.env system property was: null 
11:01:13.254 [main] DEBUG c.i.karate.cucumber.CucumberRunner - init test class: class examples.Karatetest
11:01:13.519 [main] DEBUG c.i.karate.cucumber.CucumberRunner - loading feature: /C:/Users/Liga/eclipse-workspace/karatetest/target/test-classes/examples%5cAuthentication.feature
11:01:13.581 [main] DEBUG c.i.karate.cucumber.CucumberRunner - loading feature: /C:/Users/Liga/eclipse-workspace/karatetest/target/test-classes/examples%5cInsertPet.feature
11:01:14.540 [main] INFO  com.intuit.karate.ScriptBridge - karate.env system property was: null 
11:01:16.937 [main] DEBUG com.intuit.karate.StepDefs - response time in milliseconds: 1975
11:01:17.034 [main] ERROR com.intuit.karate.StepDefs - FAILED, status code was 302, expected 200
11:01:17.111 [main] INFO  com.intuit.karate.ScriptBridge - karate.env system property was: null 
11:01:17.200 [main] INFO  com.intuit.karate.ScriptBridge - karate.env system property was: null 
11:01:17.307 [main] INFO  com.intuit.karate.ScriptBridge - karate.env system property was: null 
11:01:17.364 [main] INFO  com.intuit.karate.ScriptBridge - karate.env system property was: null 
11:17:57.280 [main] DEBUG c.i.karate.cucumber.CucumberRunner - init test class: class examples.Karatetest
11:17:57.541 [main] DEBUG c.i.karate.cucumber.CucumberRunner - loading feature: /C:/Users/Liga/eclipse-workspace/karatetest/target/test-classes/examples%5cAuthentication.feature
11:17:57.601 [main] DEBUG c.i.karate.cucumber.CucumberRunner - loading feature: /C:/Users/Liga/eclipse-workspace/karatetest/target/test-classes/examples%5cInsertPet.feature
11:17:58.568 [main] INFO  com.intuit.karate.ScriptBridge - karate.env system property was: null 
11:18:01.122 [main] DEBUG com.intuit.karate.StepDefs - response time in milliseconds: 2164
11:18:01.209 [main] ERROR com.intuit.karate.StepDefs - FAILED, status code was 302, expected 200
11:18:01.288 [main] INFO  com.intuit.karate.ScriptBridge - karate.env system property was: null 
11:18:01.373 [main] INFO  com.intuit.karate.ScriptBridge - karate.env system property was: null 
11:18:01.480 [main] INFO  com.intuit.karate.ScriptBridge - karate.env system property was: null 
11:18:01.565 [main] INFO  com.intuit.karate.ScriptBridge - karate.env system property was: null 
11:18:30.975 [main] DEBUG c.i.karate.cucumber.CucumberRunner - init test class: class examples.Karatetest
11:18:31.218 [main] DEBUG c.i.karate.cucumber.CucumberRunner - loading feature: /C:/Users/Liga/eclipse-workspace/karatetest/target/test-classes/examples%5cAuthentication.feature
11:18:31.277 [main] DEBUG c.i.karate.cucumber.CucumberRunner - loading feature: /C:/Users/Liga/eclipse-workspace/karatetest/target/test-classes/examples%5cInsertPet.feature
11:18:32.237 [main] INFO  com.intuit.karate.ScriptBridge - karate.env system property was: null 
11:18:34.699 [main] DEBUG com.intuit.karate.StepDefs - response time in milliseconds: 2024
11:18:34.773 [main] ERROR com.intuit.karate.StepDefs - FAILED, status code was 302, expected 200
11:18:34.856 [main] INFO  com.intuit.karate.ScriptBridge - karate.env system property was: null 
11:18:34.931 [main] INFO  com.intuit.karate.ScriptBridge - karate.env system property was: null 
11:18:35.038 [main] INFO  com.intuit.karate.ScriptBridge - karate.env system property was: null 
11:18:35.105 [main] INFO  com.intuit.karate.ScriptBridge - karate.env system property was: null 
11:18:51.793 [main] DEBUG c.i.karate.cucumber.CucumberRunner - init test class: class examples.Karatetest
11:18:52.039 [main] DEBUG c.i.karate.cucumber.CucumberRunner - loading feature: /C:/Users/Liga/eclipse-workspace/karatetest/target/test-classes/examples%5cAuthentication.feature
11:18:52.099 [main] DEBUG c.i.karate.cucumber.CucumberRunner - loading feature: /C:/Users/Liga/eclipse-workspace/karatetest/target/test-classes/examples%5cInsertPet.feature
11:18:53.081 [main] INFO  com.intuit.karate.ScriptBridge - karate.env system property was: null 
11:18:55.726 [main] DEBUG com.intuit.karate.StepDefs - response time in milliseconds: 2180
11:18:55.825 [main] ERROR com.intuit.karate.StepDefs - FAILED, status code was 302, expected 200
11:18:55.910 [main] INFO  com.intuit.karate.ScriptBridge - karate.env system property was: null 
11:18:55.993 [main] INFO  com.intuit.karate.ScriptBridge - karate.env system property was: null 
11:18:56.116 [main] INFO  com.intuit.karate.ScriptBridge - karate.env system property was: null 
11:18:56.209 [main] INFO  com.intuit.karate.ScriptBridge - karate.env system property was: null 
11:28:18.092 [main] DEBUG c.i.karate.cucumber.CucumberRunner - init test class: class examples.Karatetest
11:28:18.346 [main] DEBUG c.i.karate.cucumber.CucumberRunner - loading feature: /C:/Users/Liga/eclipse-workspace/karatetest/target/test-classes/examples%5cAuthentication.feature
11:28:18.408 [main] DEBUG c.i.karate.cucumber.CucumberRunner - loading feature: /C:/Users/Liga/eclipse-workspace/karatetest/target/test-classes/examples%5cInsertPet.feature
11:28:19.399 [main] INFO  com.intuit.karate.ScriptBridge - karate.env system property was: null 
11:28:21.864 [main] DEBUG com.intuit.karate.StepDefs - response time in milliseconds: 2018
11:28:21.967 [main] ERROR com.intuit.karate.StepDefs - FAILED, status code was 302, expected 200
11:28:22.092 [main] INFO  com.intuit.karate.ScriptBridge - karate.env system property was: null 
11:28:22.185 [main] INFO  com.intuit.karate.ScriptBridge - karate.env system property was: null 
11:28:22.283 [main] INFO  com.intuit.karate.ScriptBridge - karate.env system property was: null 
11:28:22.356 [main] INFO  com.intuit.karate.ScriptBridge - karate.env system property was: null 
11:29:14.700 [main] DEBUG c.i.karate.cucumber.CucumberRunner - init test class: class examples.Karatetest
11:29:14.918 [main] DEBUG c.i.karate.cucumber.CucumberRunner - loading feature: /C:/Users/Liga/eclipse-workspace/karatetest/target/test-classes/examples%5cAuthentication.feature
11:29:14.978 [main] DEBUG c.i.karate.cucumber.CucumberRunner - loading feature: /C:/Users/Liga/eclipse-workspace/karatetest/target/test-classes/examples%5cInsertPet.feature
11:29:15.923 [main] INFO  com.intuit.karate.ScriptBridge - karate.env system property was: null 
11:29:18.337 [main] DEBUG com.intuit.karate.StepDefs - response time in milliseconds: 2010
11:29:18.412 [main] ERROR com.intuit.karate.StepDefs - FAILED, status code was 302, expected 200
11:29:18.526 [main] INFO  com.intuit.karate.ScriptBridge - karate.env system property was: null 
11:29:18.628 [main] INFO  com.intuit.karate.ScriptBridge - karate.env system property was: null 
11:29:18.723 [main] INFO  com.intuit.karate.ScriptBridge - karate.env system property was: null 
11:29:18.798 [main] INFO  com.intuit.karate.ScriptBridge - karate.env system property was: null 
11:30:21.496 [main] DEBUG c.i.karate.cucumber.CucumberRunner - init test class: class examples.Karatetest
11:30:21.736 [main] DEBUG c.i.karate.cucumber.CucumberRunner - loading feature: /C:/Users/Liga/eclipse-workspace/karatetest/target/test-classes/examples%5cAuthentication.feature
11:30:21.795 [main] DEBUG c.i.karate.cucumber.CucumberRunner - loading feature: /C:/Users/Liga/eclipse-workspace/karatetest/target/test-classes/examples%5cInsertPet.feature
11:30:22.750 [main] INFO  com.intuit.karate.ScriptBridge - karate.env system property was: null 
11:30:25.246 [main] DEBUG com.intuit.karate.StepDefs - response time in milliseconds: 2064
11:30:25.316 [main] ERROR com.intuit.karate.StepDefs - FAILED, status code was 302, expected 200
11:30:25.417 [main] INFO  com.intuit.karate.ScriptBridge - karate.env system property was: null 
11:30:25.510 [main] INFO  com.intuit.karate.ScriptBridge - karate.env system property was: null 
11:30:25.624 [main] INFO  com.intuit.karate.ScriptBridge - karate.env system property was: null 
11:30:25.712 [main] INFO  com.intuit.karate.ScriptBridge - karate.env system property was: null 
11:32:55.374 [main] DEBUG c.i.karate.cucumber.CucumberRunner - init test class: class examples.Karatetest
11:32:55.590 [main] DEBUG c.i.karate.cucumber.CucumberRunner - loading feature: /C:/Users/Liga/eclipse-workspace/karatetest/target/test-classes/examples%5cAuthentication.feature
11:32:55.653 [main] DEBUG c.i.karate.cucumber.CucumberRunner - loading feature: /C:/Users/Liga/eclipse-workspace/karatetest/target/test-classes/examples%5cInsertPet.feature
11:32:56.590 [main] INFO  com.intuit.karate.ScriptBridge - karate.env system property was: null 
11:32:59.257 [main] DEBUG com.intuit.karate.StepDefs - response time in milliseconds: 2214
11:32:59.350 [main] ERROR com.intuit.karate.StepDefs - FAILED, status code was 302, expected 200
11:32:59.450 [main] INFO  com.intuit.karate.ScriptBridge - karate.env system property was: null 
11:32:59.536 [main] INFO  com.intuit.karate.ScriptBridge - karate.env system property was: null 
11:32:59.631 [main] INFO  com.intuit.karate.ScriptBridge - karate.env system property was: null 
11:32:59.702 [main] INFO  com.intuit.karate.ScriptBridge - karate.env system property was: null 
11:36:06.719 [main] DEBUG c.i.karate.cucumber.CucumberRunner - init test class: class examples.Karatetest
11:36:06.956 [main] DEBUG c.i.karate.cucumber.CucumberRunner - loading feature: /C:/Users/Liga/eclipse-workspace/karatetest/target/test-classes/examples%5cAuthentication.feature
11:36:07.018 [main] DEBUG c.i.karate.cucumber.CucumberRunner - loading feature: /C:/Users/Liga/eclipse-workspace/karatetest/target/test-classes/examples%5cInsertPet.feature
11:36:08.013 [main] INFO  com.intuit.karate.ScriptBridge - karate.env system property was: null 
11:36:08.221 [main] INFO  com.intuit.karate.ScriptBridge - karate.env system property was: null 
11:36:08.649 [main] INFO  com.intuit.karate.ScriptBridge - karate.env system property was: null 
11:36:08.784 [main] INFO  com.intuit.karate.ScriptBridge - karate.env system property was: null 
11:36:08.866 [main] INFO  com.intuit.karate.ScriptBridge - karate.env system property was: null 
11:36:53.429 [main] DEBUG c.i.karate.cucumber.CucumberRunner - init test class: class examples.Karatetest
11:37:17.057 [main] DEBUG c.i.karate.cucumber.CucumberRunner - init test class: class examples.Karatetest
11:37:17.272 [main] DEBUG c.i.karate.cucumber.CucumberRunner - loading feature: /C:/Users/Liga/eclipse-workspace/karatetest/target/test-classes/examples%5cAuthentication.feature
11:37:17.334 [main] DEBUG c.i.karate.cucumber.CucumberRunner - loading feature: /C:/Users/Liga/eclipse-workspace/karatetest/target/test-classes/examples%5cInsertPet.feature
11:37:18.297 [main] INFO  com.intuit.karate.ScriptBridge - karate.env system property was: null 
11:37:20.878 [main] DEBUG com.intuit.karate.StepDefs - response time in milliseconds: 2079
11:37:20.965 [main] ERROR com.intuit.karate.StepDefs - FAILED, status code was 302, expected 200
11:37:21.057 [main] INFO  com.intuit.karate.ScriptBridge - karate.env system property was: null 
11:37:21.139 [main] INFO  com.intuit.karate.ScriptBridge - karate.env system property was: null 
11:37:21.255 [main] INFO  com.intuit.karate.ScriptBridge - karate.env system property was: null 
11:37:21.311 [main] INFO  com.intuit.karate.ScriptBridge - karate.env system property was: null 
11:38:30.290 [main] DEBUG c.i.karate.cucumber.CucumberRunner - init test class: class examples.Karatetest
11:38:30.553 [main] DEBUG c.i.karate.cucumber.CucumberRunner - loading feature: /C:/Users/Liga/eclipse-workspace/karatetest/target/test-classes/examples%5cAuthentication.feature
11:38:30.622 [main] DEBUG c.i.karate.cucumber.CucumberRunner - loading feature: /C:/Users/Liga/eclipse-workspace/karatetest/target/test-classes/examples%5cInsertPet.feature
11:38:31.578 [main] INFO  com.intuit.karate.ScriptBridge - karate.env system property was: null 
11:38:34.113 [main] DEBUG com.intuit.karate.StepDefs - response time in milliseconds: 1940
11:38:34.200 [main] ERROR com.intuit.karate.StepDefs - FAILED, status code was 302, expected 200
11:38:34.282 [main] INFO  com.intuit.karate.ScriptBridge - karate.env system property was: null 
11:38:34.369 [main] INFO  com.intuit.karate.ScriptBridge - karate.env system property was: null 
11:38:34.476 [main] INFO  com.intuit.karate.ScriptBridge - karate.env system property was: null 
11:38:34.544 [main] INFO  com.intuit.karate.ScriptBridge - karate.env system property was: null 
11:47:05.468 [main] DEBUG c.i.karate.cucumber.CucumberRunner - init test class: class examples.Karatetest
11:47:05.746 [main] DEBUG c.i.karate.cucumber.CucumberRunner - loading feature: /C:/Users/Liga/eclipse-workspace/karatetest/target/test-classes/examples%5cAuthentication.feature
11:47:05.820 [main] DEBUG c.i.karate.cucumber.CucumberRunner - loading feature: /C:/Users/Liga/eclipse-workspace/karatetest/target/test-classes/examples%5cInsertPet.feature
11:47:06.749 [main] INFO  com.intuit.karate.ScriptBridge - karate.env system property was: null 
11:47:09.359 [main] DEBUG com.intuit.karate.StepDefs - response time in milliseconds: 2039
11:47:09.805 [main] DEBUG com.intuit.karate.StepDefs - response time in milliseconds: 293
11:47:09.958 [main] INFO  com.intuit.karate.ScriptBridge - karate.env system property was: null 
11:47:10.042 [main] INFO  com.intuit.karate.ScriptBridge - karate.env system property was: null 
11:47:10.131 [main] INFO  com.intuit.karate.ScriptBridge - karate.env system property was: null 
11:47:10.191 [main] INFO  com.intuit.karate.ScriptBridge - karate.env system property was: null 
12:48:56.214 [main] DEBUG c.i.karate.cucumber.CucumberRunner - init test class: class examples.Karatetest
12:48:56.497 [main] DEBUG c.i.karate.cucumber.CucumberRunner - loading feature: /C:/Users/Liga/eclipse-workspace/karatetest/target/test-classes/examples%5cAuthentication.feature
12:48:56.583 [main] DEBUG c.i.karate.cucumber.CucumberRunner - loading feature: /C:/Users/Liga/eclipse-workspace/karatetest/target/test-classes/examples%5cInsertPet.feature
12:48:57.521 [main] INFO  com.intuit.karate.ScriptBridge - karate.env system property was: null 
12:49:00.088 [main] DEBUG com.intuit.karate.StepDefs - response time in milliseconds: 1995
12:49:00.467 [main] DEBUG com.intuit.karate.StepDefs - response time in milliseconds: 227
12:49:00.580 [main] INFO  com.intuit.karate.ScriptBridge - karate.env system property was: null 
12:49:00.783 [main] INFO  com.intuit.karate.ScriptBridge - karate.env system property was: null 
12:49:00.845 [main] INFO  com.intuit.karate.ScriptBridge - karate.env system property was: null 
12:49:00.897 [main] INFO  com.intuit.karate.ScriptBridge - karate.env system property was: null 
12:49:00.987 [main] INFO  com.intuit.karate.ScriptBridge - karate.env system property was: null 
